4 7
0 4
IMPOSSIBLE
50 51
0 1
IMPOSSIBLE
1 2
0 2
364 370
1604 1605
190 249
IMPOSSIBLE
140 197
167 246
IMPOSSIBLE
120 142
89 105
435 452
726 745
386 392
9261 9262
46 172
380 407
1148 1149
2888 2891
3484 3487
123 166
1580 1589
62 191
74 93
IMPOSSIBLE
1574 1584
326 327
656 671
14 96
783 791
3 17
588 613
90 151
30 164
IMPOSSIBLE
204118 206553
29542 43275
436873 438016
499998413 499998414
IMPOSSIBLE
42283 52800
166663687 166663690
499998179 499998180
23809424 23809445
IMPOSSIBLE
4504330 4504441
28571 42618
153913 157128
5101830 5101928
434955 436103
IMPOSSIBLE
11822 33760
6436 32271
499997136 499997137
IMPOSSIBLE
151309 152389
IMPOSSIBLE
IMPOSSIBLE
48995 52632
IMPOSSIBLE
34 16333
110 2756
1944400 1944627
IMPOSSIBLE
IMPOSSIBLE
11411132 11411154
988213 988644
84285 85022
14610 30793
1189007 1189035
IMPOSSIBLE
19739 23670
IMPOSSIBLE
IMPOSSIBLE
40387274 40387275
275423720 275423721
142491096 142491097
479436594 479436595
317584460 317584461
431196110 431196111
406290795 406290796
224340479 224340480
432365816 432365817
231716841 231716842
59015868 59015869
492674991 492674992
473852031 473852032
148449464 148449465
309038408 309038409
126799376 126799377
266651921 266651922
32972196 32972197
286149416 286149417
424760609 424760610
