63
50
24
366399223
1771406
100443355
1033741
275629
955550
47699
5363
691314
621396
156892
122753
443865
669599
724905
299821
1036831
619809
546932
340581
375108
110326
687939
562583
536131
127625
784429
172008
162403
61791
26884
740745
61377
356179
402722
389688
152210
747651
329515
591851
936655
144762
648248
165879
773419
872028
736171
714446
288718
86857
723320
570373
41103
727114
98284
709643
796327
876803
183056
421362
631316
234421
40310
704843
883712
754293
201622
944730
489048
462191
689822
99977
1045509
696022
298269
232181
578912
721260
668310
517826
782175
378545
11979
933225
995240
715198
6518
221358
880622
680047
960122
378972
32530
407920
660193
101391
245777
389273
32088
1112170
947098
455862
991762
6
45
199400000
98000
