0 0 0 1
0 0 1 0
0 1 0 0
1 0 0 0
0
1 0 1 1
0
0 0 0 0
0
0 0 0 1
0
0 0 1 1
0 1 1 0
1 0 0 1
1 1 0 0
0
0 0 1 1
0
0 0 1 1
1 0 0 1
0
1 0 0 1
0
1 0 0 1
1 1 0 0
0
1 1 0 0
0
0 1 1 0
1 1 0 0
0
0 1 1 0
0
0 0 1 1
0 1 1 0
0
0 5 0 5
0
0 5 0 6
0 6 0 5
0
5 0 5 0
0
5 0 6 0
0
25000 25000 25000 25000
0
24999 25000 25000 25000
25000 24999 25000 25000
0
30551 19449 30551 19449
0
3945 46055 3945 46055
0
495 49504 496 49505
0
49810 190 49810 190
0
48185 1814 48186 1814
0
568 49432 567 49432
0
7530 42470 7530 42469
0
2243 47757 2242 47757
0
37176 12823 37176 12823
0
4026 45973 4026 45973
0
23216 26783 23216 26783
0
30381 19618 30381 19618
0
5397 44602 5396 44602
0
5372 44626 5372 44627
0
48222 1777 48221 1777
0
47057 2941 47058 2941
47058 2941 47057 2941
0
4813 8061 4814 8061
0
7985 1600 7984 1601
0
150 921 149 921
0
5273 1288 5273 1288
0
8524 5203 8525 5202
0
14537 1187 14536 1187
0
774 129 775 128
0
7709 801 7708 801
0
566 241 566 242
0
1742 9350 1742 9351
0
615 323 615 324
0
1413 3924 1414 3924
0
1747 5300 1747 5300
0
10457 5335 10456 5334
0
11179 60 11179 59
0
1 272 1 273
1 273 1 272
0
